/Users/n1646893/Library/CloudStorage/OneDrive-LibertyMutual/Documents/Ulster/MSci/COM772 - Advanced AI/CW2/FEMNIST-CNN/.venv/lib/python3.11/site-packages/keras/src/layers/reshaping/reshape.py:38: UserWarning: Do not pass an `input_shape`/`input_dim` argument to a layer. When using Sequential models, prefer using an `Input(shape)` object as the first layer in the model instead.
  super().__init__(**kwargs)
[93mWARNING [0m:   DEPRECATED FEATURE: flwr.client.start_numpy_client() is deprecated. 
	Instead, use `flwr.client.start_client()` by ensuring you first call the `.to_client()` method as shown below: 
	flwr.client.start_client(
		server_address='<IP>:<PORT>',
		client=FlowerClient().to_client(), # <-- where FlowerClient is of type flwr.client.NumPyClient object
	)
	Using `start_numpy_client()` is deprecated.

            This is a deprecated feature. It will be removed
            entirely in future versions of Flower.
        
[93mWARNING [0m:   DEPRECATED FEATURE: flwr.client.start_client() is deprecated.
	Instead, use the `flower-supernode` CLI command to start a SuperNode as shown below:

		$ flower-supernode --insecure --superlink='<IP>:<PORT>'

	To view all available options, run:

		$ flower-supernode --help

	Using `start_client()` is deprecated.

            This is a deprecated feature. It will be removed
            entirely in future versions of Flower.
        
WARNING: All log messages before absl::InitializeLog() is called are written to STDERR
I0000 00:00:1764520897.107700 3455832 fork_posix.cc:71] Other threads are currently calling into gRPC, skipping fork() handlers
[92mINFO [0m:      
[92mINFO [0m:      Received: train message 5853e4e4-cffb-4e6c-9334-d7406e4f9b2e
[92mINFO [0m:      Sent reply
[92mINFO [0m:      
[92mINFO [0m:      Received: evaluate message 7898c1e8-9efb-4dda-a3da-110b2bc65cd0
[92mINFO [0m:      Sent reply
[92mINFO [0m:      
[92mINFO [0m:      Received: train message 189450a8-0dd4-4275-9a41-d4f5f8570bf2
[92mINFO [0m:      Sent reply
[92mINFO [0m:      
[92mINFO [0m:      Received: evaluate message 0fbae3bf-564c-499c-a352-ce1299dd4d61
[92mINFO [0m:      Sent reply
E0000 00:00:1764520913.891426 3455895 tcp_posix.cc:595] recvmsg encountered uncommon error: Message too long
[92mINFO [0m:      
[92mINFO [0m:      Received: train message b0fc2a27-6e7c-43a4-9acd-2843baf9b274
[92mINFO [0m:      Sent reply
[92mINFO [0m:      
[92mINFO [0m:      Received: evaluate message 19f00dca-5b0a-44b4-a224-f939c58d6104
[92mINFO [0m:      Sent reply
E0000 00:00:1764520921.816706 3455895 tcp_posix.cc:595] recvmsg encountered uncommon error: Message too long
[92mINFO [0m:      
[92mINFO [0m:      Received: train message 52f69ca4-1412-4fb0-a0f0-22df667de3d1
[92mINFO [0m:      Sent reply
[92mINFO [0m:      
[92mINFO [0m:      Received: evaluate message 4acae595-cd68-450a-b3cc-de1fd303b9e5
[92mINFO [0m:      Sent reply
E0000 00:00:1764520929.506818 3455895 tcp_posix.cc:595] recvmsg encountered uncommon error: Message too long
[92mINFO [0m:      
[92mINFO [0m:      Received: train message 04e9d23b-fe63-4a43-8e89-280c5ec8bd54
[92mINFO [0m:      Sent reply
E0000 00:00:1764520936.683221 3455849 tcp_posix.cc:595] recvmsg encountered uncommon error: Message too long
[92mINFO [0m:      
[92mINFO [0m:      Received: evaluate message 30005e07-de11-43f6-bec5-9799bea212de
[92mINFO [0m:      Sent reply
[92mINFO [0m:      
[92mINFO [0m:      Received: train message 0e17fd54-65eb-430e-ad9f-2f7fa3b882bd
[92mINFO [0m:      Sent reply
E0000 00:00:1764520944.531403 3455895 tcp_posix.cc:595] recvmsg encountered uncommon error: Message too long
[92mINFO [0m:      
[92mINFO [0m:      Received: evaluate message 90db38d1-3aa0-45ff-8689-2e90186573e6
[92mINFO [0m:      Sent reply
[92mINFO [0m:      
[92mINFO [0m:      Received: train message 3f873c66-9bc5-4db5-ba43-5310c6003aa4
[92mINFO [0m:      Sent reply
E0000 00:00:1764520951.900807 3455895 tcp_posix.cc:595] recvmsg encountered uncommon error: Message too long
[92mINFO [0m:      
[92mINFO [0m:      Received: evaluate message 5e811754-b87c-4b6d-8f34-76fc8ed909a1
[92mINFO [0m:      Sent reply
[92mINFO [0m:      
[92mINFO [0m:      Received: train message 09f96881-5fcc-4006-905a-6f9f9ac473aa
[92mINFO [0m:      Sent reply
E0000 00:00:1764520959.516627 3455895 tcp_posix.cc:595] recvmsg encountered uncommon error: Message too long
[92mINFO [0m:      
[92mINFO [0m:      Received: evaluate message 2dab1439-e57f-40a2-89e2-aadf409709cf
[92mINFO [0m:      Sent reply
[92mINFO [0m:      
[92mINFO [0m:      Received: train message a99f4e2b-ed7a-4703-92a0-f0905d546168
[92mINFO [0m:      Sent reply
[92mINFO [0m:      
[92mINFO [0m:      Received: evaluate message 9f762162-6476-49d2-8d08-708ccd83161d
[92mINFO [0m:      Sent reply
E0000 00:00:1764520967.640452 3455895 tcp_posix.cc:595] recvmsg encountered uncommon error: Message too long
[92mINFO [0m:      
[92mINFO [0m:      Received: train message e923d7ed-ec97-437d-9808-d490ca967581
[92mINFO [0m:      Sent reply
[92mINFO [0m:      
[92mINFO [0m:      Received: evaluate message e0de4a8d-ce89-4dc4-b8ca-07a4f521aaef
[92mINFO [0m:      Sent reply
E0000 00:00:1764520974.843937 3455895 tcp_posix.cc:595] recvmsg encountered uncommon error: Message too long
[92mINFO [0m:      
[92mINFO [0m:      Received: train message 7e5d361d-88b9-4805-a395-5167bceb2383
[92mINFO [0m:      Sent reply
E0000 00:00:1764520982.265417 3455895 tcp_posix.cc:595] recvmsg encountered uncommon error: Message too long
[92mINFO [0m:      
[92mINFO [0m:      Received: evaluate message 552e52d6-42fb-4941-a489-da29a17ff19e
[92mINFO [0m:      Sent reply
[92mINFO [0m:      
[92mINFO [0m:      Received: train message a168ab7f-b7d2-4467-bd0e-2f51208ec0bc
[92mINFO [0m:      Sent reply
[92mINFO [0m:      
[92mINFO [0m:      Received: evaluate message 265439c4-3381-45a9-b974-ce2fdc6a1741
[92mINFO [0m:      Sent reply
E0000 00:00:1764520990.127779 3455895 tcp_posix.cc:595] recvmsg encountered uncommon error: Message too long
[92mINFO [0m:      
[92mINFO [0m:      Received: train message 39eb59b9-7bd4-4815-a86d-c29381840be2
[92mINFO [0m:      Sent reply
[92mINFO [0m:      
[92mINFO [0m:      Received: evaluate message f0310b90-28b6-4c60-8c29-78398f772661
[92mINFO [0m:      Sent reply
E0000 00:00:1764520997.548956 3455895 tcp_posix.cc:595] recvmsg encountered uncommon error: Message too long
[92mINFO [0m:      
[92mINFO [0m:      Received: train message 83b3783a-98a6-49da-9ad4-870bf7481437
[92mINFO [0m:      Sent reply
[92mINFO [0m:      
[92mINFO [0m:      Received: evaluate message 515a84c5-7bb7-4330-bab3-bb3db26dba4f
[92mINFO [0m:      Sent reply
E0000 00:00:1764521005.763367 3455895 tcp_posix.cc:595] recvmsg encountered uncommon error: Message too long
[92mINFO [0m:      
[92mINFO [0m:      Received: train message c2ad87a6-8ef6-4c6a-989d-208ec7b8396d
[92mINFO [0m:      Sent reply
[92mINFO [0m:      
[92mINFO [0m:      Received: evaluate message a1d444d4-ce1f-4939-ac19-89fa39f51bc6
[92mINFO [0m:      Sent reply
E0000 00:00:1764521013.109276 3455895 tcp_posix.cc:595] recvmsg encountered uncommon error: Message too long
[92mINFO [0m:      
[92mINFO [0m:      Received: train message 682524e9-fc52-4120-8371-f3c7f1ad9344
[92mINFO [0m:      Sent reply
E0000 00:00:1764521019.950822 3455849 tcp_posix.cc:595] recvmsg encountered uncommon error: Message too long
[92mINFO [0m:      
[92mINFO [0m:      Received: evaluate message 7a0acfc4-620a-4165-8b6a-29259c4ba526
[92mINFO [0m:      Sent reply
[92mINFO [0m:      
[92mINFO [0m:      Received: train message 44b91a83-0076-4ba5-a1f1-73fe8c109efb
[92mINFO [0m:      Sent reply
E0000 00:00:1764521027.377748 3455895 tcp_posix.cc:595] recvmsg encountered uncommon error: Message too long
[92mINFO [0m:      
[92mINFO [0m:      Received: evaluate message bf27eb3a-2b24-4fd4-a9c8-08584b272dd1
[92mINFO [0m:      Sent reply
[92mINFO [0m:      
[92mINFO [0m:      Received: train message e21224ee-3c36-41f4-b987-8d5eab0215ee
[92mINFO [0m:      Sent reply
E0000 00:00:1764521034.798096 3455895 tcp_posix.cc:595] recvmsg encountered uncommon error: Message too long
[92mINFO [0m:      
[92mINFO [0m:      Received: evaluate message 3fbb2a3a-c2d3-48cb-95cf-9804592feafb
[92mINFO [0m:      Sent reply
[92mINFO [0m:      
[92mINFO [0m:      Received: train message f84d9dd8-4f8f-4589-b1f4-f4d284392b62
[92mINFO [0m:      Sent reply
[92mINFO [0m:      
[92mINFO [0m:      Received: evaluate message 374b91fd-ad31-42aa-87c4-937d73f0792d
[92mINFO [0m:      Sent reply
[92mINFO [0m:      
[92mINFO [0m:      Received: train message 98c567d5-e454-407d-92c4-f083efce6d03
[92mINFO [0m:      Sent reply
[92mINFO [0m:      
[92mINFO [0m:      Received: evaluate message d8dfd4f6-a71f-4685-afae-9afac11fc4c8
[92mINFO [0m:      Sent reply
E0000 00:00:1764521051.086440 3455849 tcp_posix.cc:595] recvmsg encountered uncommon error: Message too long
[92mINFO [0m:      
[92mINFO [0m:      Received: train message ded77be5-f31c-4184-8aa2-c2952606c6aa
[92mINFO [0m:      Sent reply
[92mINFO [0m:      
[92mINFO [0m:      Received: evaluate message 3e90748e-cae2-49e7-8f97-65ecde70a63d
[92mINFO [0m:      Sent reply
[92mINFO [0m:      
[92mINFO [0m:      Received: train message ba77f549-49b1-4509-bb59-05e21ccf2638
[92mINFO [0m:      Sent reply
[92mINFO [0m:      
[92mINFO [0m:      Received: evaluate message e20b7444-97e6-4485-91f1-5b2c44499f1c
[92mINFO [0m:      Sent reply
E0000 00:00:1764521065.880158 3455895 tcp_posix.cc:595] recvmsg encountered uncommon error: Message too long
[92mINFO [0m:      
[92mINFO [0m:      Received: train message daab549a-2711-477c-91f5-8ac86a04db56
[92mINFO [0m:      Sent reply
[92mINFO [0m:      
[92mINFO [0m:      Received: evaluate message aeb654b0-d7f1-4c97-b425-a44d52c4fdac
[92mINFO [0m:      Sent reply
E0000 00:00:1764521073.723396 3455895 tcp_posix.cc:595] recvmsg encountered uncommon error: Message too long
[92mINFO [0m:      
[92mINFO [0m:      Received: train message c0fec907-ed63-4567-b9b8-6552cf635727
[92mINFO [0m:      Sent reply
E0000 00:00:1764521080.728456 3455849 tcp_posix.cc:595] recvmsg encountered uncommon error: Message too long
[92mINFO [0m:      
[92mINFO [0m:      Received: evaluate message e597365f-bbf6-4033-8d39-d0e5987c3c30
[92mINFO [0m:      Sent reply
[92mINFO [0m:      
[92mINFO [0m:      Received: train message 40802687-59a3-4867-8e08-f81879a48ef5
[92mINFO [0m:      Sent reply
E0000 00:00:1764521088.455338 3455895 tcp_posix.cc:595] recvmsg encountered uncommon error: Message too long
[92mINFO [0m:      
[92mINFO [0m:      Received: evaluate message 81628cb5-91d2-46a1-a0ba-3625aa5a7331
[92mINFO [0m:      Sent reply
[92mINFO [0m:      
[92mINFO [0m:      Received: train message a0ace951-a0e4-4680-8b80-2836e9bca16e
[92mINFO [0m:      Sent reply
[92mINFO [0m:      
[92mINFO [0m:      Received: evaluate message d02d35cb-0ce2-4aaa-af1f-99094777d436
[92mINFO [0m:      Sent reply
E0000 00:00:1764521096.444421 3455895 tcp_posix.cc:595] recvmsg encountered uncommon error: Message too long
[92mINFO [0m:      
[92mINFO [0m:      Received: train message 3a071a13-36b4-4958-98ba-cb25fcb7bb92
[92mINFO [0m:      Sent reply
[92mINFO [0m:      
[92mINFO [0m:      Received: evaluate message ae3cdfa4-e921-4218-aedd-c91ce7440519
[92mINFO [0m:      Sent reply
E0000 00:00:1764521104.272711 3455849 tcp_posix.cc:595] recvmsg encountered uncommon error: Message too long
[92mINFO [0m:      
[92mINFO [0m:      Received: train message ef1c9e63-f232-4bbc-890b-9f71b0898639
[92mINFO [0m:      Sent reply
E0000 00:00:1764521111.592445 3455895 tcp_posix.cc:595] recvmsg encountered uncommon error: Message too long
[92mINFO [0m:      
[92mINFO [0m:      Received: evaluate message 8bfd74a1-e0f6-497b-b0b8-b2cac00c841d
[92mINFO [0m:      Sent reply
[92mINFO [0m:      
[92mINFO [0m:      Received: train message fe69ceb3-1368-4326-98c4-ee9d53eaca18
[92mINFO [0m:      Sent reply
E0000 00:00:1764521119.279607 3455849 tcp_posix.cc:595] recvmsg encountered uncommon error: Message too long
[92mINFO [0m:      
[92mINFO [0m:      Received: evaluate message cb1d6c60-d4da-40e8-b579-da3c7f19ac29
[92mINFO [0m:      Sent reply
E0000 00:00:1764521123.641265 3455849 tcp_posix.cc:595] recvmsg encountered uncommon error: Message too long
[92mINFO [0m:      
[92mINFO [0m:      Received: train message c1faa631-6f8f-4689-bb41-1b869ca57902
[92mINFO [0m:      Sent reply
[92mINFO [0m:      
[92mINFO [0m:      Received: evaluate message de13505f-a0f7-414a-969c-bf6778dd73ba
[92mINFO [0m:      Sent reply
[92mINFO [0m:      
[92mINFO [0m:      Received: train message d7d26dd5-b2b0-4953-895a-583cbc22cfc4
[92mINFO [0m:      Sent reply
E0000 00:00:1764521134.692597 3455849 tcp_posix.cc:595] recvmsg encountered uncommon error: Message too long
[92mINFO [0m:      
[92mINFO [0m:      Received: evaluate message acdd6a3f-54ed-4534-84eb-2b35ecc8031b
[92mINFO [0m:      Sent reply
E0000 00:00:1764521135.730249 3455895 tcp_posix.cc:595] recvmsg encountered uncommon error: Message too long
[92mINFO [0m:      
[92mINFO [0m:      Received: train message 0ebf9365-666c-4789-941f-9b03949e3147
[92mINFO [0m:      Sent reply
[92mINFO [0m:      
[92mINFO [0m:      Received: evaluate message d2e43017-2224-49a0-8d6e-fa3c23a37cca
[92mINFO [0m:      Sent reply
E0000 00:00:1764521142.848161 3455895 tcp_posix.cc:595] recvmsg encountered uncommon error: Message too long
[92mINFO [0m:      
[92mINFO [0m:      Received: train message a5fd9795-bfeb-4220-8d88-e7b98c56f7ec
[92mINFO [0m:      Sent reply
[92mINFO [0m:      
[92mINFO [0m:      Received: evaluate message 95118e81-2ecf-48d1-9677-e64c5b92fb6c
[92mINFO [0m:      Sent reply
[92mINFO [0m:      
[92mINFO [0m:      Received: train message 80646511-78fd-4aa3-9175-3899dee609c6
[92mINFO [0m:      Sent reply
[92mINFO [0m:      
[92mINFO [0m:      Received: evaluate message f7a60038-6c83-4e0c-a84d-bd4f2529d43f
[92mINFO [0m:      Sent reply
E0000 00:00:1764521158.290870 3455849 tcp_posix.cc:595] recvmsg encountered uncommon error: Message too long
[92mINFO [0m:      
[92mINFO [0m:      Received: train message 3476f497-13b9-4c16-9b49-84902c040e51
[92mINFO [0m:      Sent reply
[92mINFO [0m:      
[92mINFO [0m:      Received: evaluate message f1d782ca-4909-481d-9c10-6105e319b22d
[92mINFO [0m:      Sent reply
[92mINFO [0m:      
[92mINFO [0m:      Received: train message bca92b68-7423-4906-83aa-edfb556cc586
[92mINFO [0m:      Sent reply
[92mINFO [0m:      
[92mINFO [0m:      Received: evaluate message 7c0a2161-c4dd-4efe-97fb-81f663069d21
[92mINFO [0m:      Sent reply
E0000 00:00:1764521173.939331 3455895 tcp_posix.cc:595] recvmsg encountered uncommon error: Message too long
[92mINFO [0m:      
[92mINFO [0m:      Received: train message 96116753-76e1-4e51-a53b-6db5e87ee733
[92mINFO [0m:      Sent reply
[92mINFO [0m:      
[92mINFO [0m:      Received: evaluate message 02c9392f-3ca2-4c00-a687-4432c04d71be
[92mINFO [0m:      Sent reply
E0000 00:00:1764521181.923437 3455849 tcp_posix.cc:595] recvmsg encountered uncommon error: Message too long
[92mINFO [0m:      
[92mINFO [0m:      Received: train message 31d22187-cd78-4328-b15f-d1231dad2fd6
[92mINFO [0m:      Sent reply
[92mINFO [0m:      
[92mINFO [0m:      Received: evaluate message f7b18072-bbda-4f06-90e5-d00be5b18385
[92mINFO [0m:      Sent reply
[92mINFO [0m:      
[92mINFO [0m:      Received: train message 9c2387a2-33fe-4985-960b-134f72477985
[92mINFO [0m:      Sent reply
[92mINFO [0m:      
[92mINFO [0m:      Received: evaluate message 1a3fe5f2-4dcc-42b6-ba55-9bda38facbe9
[92mINFO [0m:      Sent reply
E0000 00:00:1764521198.252093 3455849 tcp_posix.cc:595] recvmsg encountered uncommon error: Message too long
[92mINFO [0m:      
[92mINFO [0m:      Received: train message 79d8849f-32b8-44a3-a6bd-5294cdf0c853
[92mINFO [0m:      Sent reply
[92mINFO [0m:      
[92mINFO [0m:      Received: evaluate message 8294d5f3-45d9-41b1-805a-9a2148c39712
[92mINFO [0m:      Sent reply
E0000 00:00:1764521209.778410 3455895 tcp_posix.cc:595] recvmsg encountered uncommon error: Message too long
[92mINFO [0m:      
[92mINFO [0m:      Received: train message 62ad734a-e491-4577-a6b3-8df3dc145746
[92mINFO [0m:      Sent reply
[92mINFO [0m:      
[92mINFO [0m:      Received: evaluate message ed41de1a-df75-4cc7-a536-590485720728
[92mINFO [0m:      Sent reply
E0000 00:00:1764521214.023907 3455895 tcp_posix.cc:595] recvmsg encountered uncommon error: Message too long
[92mINFO [0m:      
[92mINFO [0m:      Received: train message 3eca822a-7819-441e-98c7-ce139aa8b6d1
[92mINFO [0m:      Sent reply
[92mINFO [0m:      
[92mINFO [0m:      Received: evaluate message 403ea25a-e52b-4e3d-9b79-feb61df2b6e1
[92mINFO [0m:      Sent reply
E0000 00:00:1764521221.458707 3455895 tcp_posix.cc:595] recvmsg encountered uncommon error: Message too long
[92mINFO [0m:      
[92mINFO [0m:      Received: train message 864e3af9-877d-4f88-b911-57ecca57f0fe
[92mINFO [0m:      Sent reply
[92mINFO [0m:      
[92mINFO [0m:      Received: evaluate message b339858a-fadd-4c89-af16-afb799730d7a
[92mINFO [0m:      Sent reply
[92mINFO [0m:      
[92mINFO [0m:      Received: train message 56cbd205-369e-4106-b11a-f881ae99beb6
[92mINFO [0m:      Sent reply
[92mINFO [0m:      
[92mINFO [0m:      Received: evaluate message a6f1b34b-28be-45aa-b477-534b1eecb6c0
[92mINFO [0m:      Sent reply
E0000 00:00:1764521237.971264 3455895 tcp_posix.cc:595] recvmsg encountered uncommon error: Message too long
[92mINFO [0m:      
[92mINFO [0m:      Received: train message 5efe5a50-cf05-4ffc-a06c-d65f766010dd
[92mINFO [0m:      Sent reply
[92mINFO [0m:      
[92mINFO [0m:      Received: evaluate message b03ec9b1-eded-41c4-b148-87f8d2d365ca
[92mINFO [0m:      Sent reply
E0000 00:00:1764521245.449834 3455849 tcp_posix.cc:595] recvmsg encountered uncommon error: Message too long
[92mINFO [0m:      
[92mINFO [0m:      Received: train message 5f4659f8-0e15-4832-86c8-cb1393783241
[92mINFO [0m:      Sent reply
[92mINFO [0m:      
[92mINFO [0m:      Received: evaluate message 009f17a1-08cb-41f2-b308-cbb027a81219
[92mINFO [0m:      Sent reply
[92mINFO [0m:      
[92mINFO [0m:      Received: train message db2ef5f3-d496-4eaf-8e03-41ade3cc70eb
[92mINFO [0m:      Sent reply
E0000 00:00:1764521260.358322 3455849 tcp_posix.cc:595] recvmsg encountered uncommon error: Message too long
[92mINFO [0m:      
[92mINFO [0m:      Received: evaluate message 62c3b621-7a6b-44c9-8137-86cc6256bb5c
[92mINFO [0m:      Sent reply
E0000 00:00:1764521261.408903 3455849 tcp_posix.cc:595] recvmsg encountered uncommon error: Message too long
[92mINFO [0m:      
[92mINFO [0m:      Received: train message 29cd92f8-a695-4f7b-ac77-b293e29251d8
[92mINFO [0m:      Sent reply
[92mINFO [0m:      
[92mINFO [0m:      Received: evaluate message cf93edab-4582-421f-b05b-8f8c13668237
[92mINFO [0m:      Sent reply
[92mINFO [0m:      
[92mINFO [0m:      Received: train message 49201a99-12af-435a-b958-81f296830e68
[92mINFO [0m:      Sent reply
[92mINFO [0m:      
[92mINFO [0m:      Received: evaluate message 32132716-c4d8-44cb-a593-d62bc4343849
[92mINFO [0m:      Sent reply
[92mINFO [0m:      
[92mINFO [0m:      Received: train message e777cd49-140a-495f-8b57-ae052e8861f7
[92mINFO [0m:      Sent reply
[92mINFO [0m:      
[92mINFO [0m:      Received: evaluate message bdad3987-cd1a-44c9-ab52-967150c8d39b
[92mINFO [0m:      Sent reply
[92mINFO [0m:      
[92mINFO [0m:      Received: reconnect message 1c932f88-0bcf-4b83-aed5-62e2efdf5f15
[92mINFO [0m:      Disconnect and shut down
No user specified, randomly selected: f0259_41
Loading NIID data for user f0259_41...
Loaded train: (318, 784), test: (36, 784)
Building model...
Starting Flower client, connecting to 127.0.0.1:8080...
